-------------------------------------------------------------------------------
Test set: sfpet.SfPetApplicationTests
-------------------------------------------------------------------------------
Tests run: 1, Failures: 0, Errors: 1, Skipped: 0, Time elapsed: 0.417 s <<< FAILURE! - in sfpet.SfPetApplicationTests
initializationError(sfpet.SfPetApplicationTests)  Time elapsed: 0.005 s  <<< ERROR!
java.lang.IllegalStateException: Unable to find a @SpringBootConfiguration, you need to use @ContextConfiguration or @SpringBootTest(classes=...) with your test

